Der Buildvorgang wurde am 12.06.2014 21:14:58 gestartet.
     1>Projekt "C:\Users\base_system\Documents\Visual Studio 2013\Projects\Slotbahn_Projekt_BKO\Slotbahn_Projekt_BKO\Slotbahn_Projekt_BKO.vcxproj" auf Knoten "2", Build Ziel(e).
     1>ClCompile:
         C:\Program Files (x86)\Microsoft Visual Studio 12.0\VC\bin\CL.exe /c /I"C:\SFML\SFML-2.1\include" /ZI /nologo /W3 /WX- /sdl /Od /Oy- /D WIN32 /D _DEBUG /D _CONSOLE /D _LIB /D _UNICODE /D UNICODE /Gm /EHsc /RTC1 /MDd /GS /fp:precise /Zc:wchar_t /Zc:forScope /Fo"Debug\\" /Fd"Debug\vc120.pdb" /Gd /TP /analyze- /errorReport:prompt Main.cpp
         Main.cpp
     1>c:\users\base_system\documents\visual studio 2013\projects\slotbahn_projekt_bko\slotbahn_projekt_bko\main.cpp(48): warning C4244: 'Argument': Konvertierung von 'time_t' in 'unsigned int', möglicher Datenverlust
     1>c:\users\base_system\documents\visual studio 2013\projects\slotbahn_projekt_bko\slotbahn_projekt_bko\main.cpp(53): error C2065: 'WIDTH': nichtdeklarierter Bezeichner
     1>c:\users\base_system\documents\visual studio 2013\projects\slotbahn_projekt_bko\slotbahn_projekt_bko\main.cpp(53): error C2065: 'HEIGHT': nichtdeklarierter Bezeichner
     1>c:\users\base_system\documents\visual studio 2013\projects\slotbahn_projekt_bko\slotbahn_projekt_bko\main.cpp(53): error C2664: 'sf::RenderWindow::RenderWindow(const sf::RenderWindow &)' : Konvertierung von Argument 1 von 'const char [42]' in 'sf::WindowHandle' nicht möglich
                 Die Typen, auf die verwiesen wird, sind nicht verknüpft; die Konvertierung erfordert einen reinterpret_cast-Operator oder eine Typumwandlung im C- oder Funktionsformat.
     1>c:\users\base_system\documents\visual studio 2013\projects\slotbahn_projekt_bko\slotbahn_projekt_bko\main.cpp(59): error C2065: 'BKO_LOGO': nichtdeklarierter Bezeichner
     1>c:\users\base_system\documents\visual studio 2013\projects\slotbahn_projekt_bko\slotbahn_projekt_bko\main.cpp(61): error C2065: 'BKO_LOGO': nichtdeklarierter Bezeichner
     1>c:\users\base_system\documents\visual studio 2013\projects\slotbahn_projekt_bko\slotbahn_projekt_bko\main.cpp(65): error C2065: 'WIDTH': nichtdeklarierter Bezeichner
     1>c:\users\base_system\documents\visual studio 2013\projects\slotbahn_projekt_bko\slotbahn_projekt_bko\main.cpp(65): error C2065: 'PIXEL_LOGO': nichtdeklarierter Bezeichner
     1>c:\users\base_system\documents\visual studio 2013\projects\slotbahn_projekt_bko\slotbahn_projekt_bko\main.cpp(65): error C2065: 'MARGIN_LOGO': nichtdeklarierter Bezeichner
     1>c:\users\base_system\documents\visual studio 2013\projects\slotbahn_projekt_bko\slotbahn_projekt_bko\main.cpp(110): error C2065: 'MARGIN_LEFT_QUESTION': nichtdeklarierter Bezeichner
     1>c:\users\base_system\documents\visual studio 2013\projects\slotbahn_projekt_bko\slotbahn_projekt_bko\main.cpp(110): error C2065: 'MARGIN_TOP_QUESTION': nichtdeklarierter Bezeichner
     1>Die Erstellung des Projekts "C:\Users\base_system\Documents\Visual Studio 2013\Projects\Slotbahn_Projekt_BKO\Slotbahn_Projekt_BKO\Slotbahn_Projekt_BKO.vcxproj" ist abgeschlossen, Build Ziel(e) -- FEHLER.

Fehler beim Buildvorgang.

Verstrichene Zeit 00:00:01.32
